{"/Users/tonyalvarez/Springboard/35. Express and PostgreSQL/35.1 Node PG/express-biztime/_test_setup.js": {"path":"/Users/tonyalvarez/Springboard/35. Express and PostgreSQL/35.1 Node PG/express-biztime/_test_setup.js","statementMap":{"0":{"start":{"line":1,"column":0},"end":{"line":1,"column":30}},"1":{"start":{"line":3,"column":11},"end":{"line":3,"column":26}},"2":{"start":{"line":6,"column":1},"end":{"line":6,"column":41}},"3":{"start":{"line":7,"column":1},"end":{"line":7,"column":42}},"4":{"start":{"line":10,"column":1},"end":{"line":10,"column":63}},"5":{"start":{"line":12,"column":1},"end":{"line":17,"column":4}},"6":{"start":{"line":19,"column":1},"end":{"line":27,"column":4}},"7":{"start":{"line":31,"column":0},"end":{"line":31,"column":27}}},"fnMap":{"0":{"name":"setUp","decl":{"start":{"line":5,"column":15},"end":{"line":5,"column":20}},"loc":{"start":{"line":5,"column":23},"end":{"line":29,"column":1}},"line":5}},"branchMap":{},"s":{"0":3,"1":3,"2":21,"3":21,"4":21,"5":21,"6":17,"7":3},"f":{"0":21},"b":{},"_coverageSchema":"1a1c01bbd47fc00a2c39e90264f33305004495a9","hash":"b1296a7aaa9cc85c5a0068d89eb617804404a7c4"}
,"/Users/tonyalvarez/Springboard/35. Express and PostgreSQL/35.1 Node PG/express-biztime/_test_teardown.js": {"path":"/Users/tonyalvarez/Springboard/35. Express and PostgreSQL/35.1 Node PG/express-biztime/_test_teardown.js","statementMap":{"0":{"start":{"line":1,"column":0},"end":{"line":1,"column":30}},"1":{"start":{"line":3,"column":11},"end":{"line":3,"column":26}},"2":{"start":{"line":7,"column":0},"end":{"line":7,"column":30}}},"fnMap":{"0":{"name":"tearDown","decl":{"start":{"line":5,"column":15},"end":{"line":5,"column":23}},"loc":{"start":{"line":5,"column":26},"end":{"line":5,"column":28}},"line":5}},"branchMap":{},"s":{"0":3,"1":3,"2":3},"f":{"0":21},"b":{},"_coverageSchema":"1a1c01bbd47fc00a2c39e90264f33305004495a9","hash":"3d563d9f75ac20af82f5c71223ead916f494d8be"}
,"/Users/tonyalvarez/Springboard/35. Express and PostgreSQL/35.1 Node PG/express-biztime/app.js": {"path":"/Users/tonyalvarez/Springboard/35. Express and PostgreSQL/35.1 Node PG/express-biztime/app.js","statementMap":{"0":{"start":{"line":3,"column":16},"end":{"line":3,"column":34}},"1":{"start":{"line":4,"column":22},"end":{"line":4,"column":51}},"2":{"start":{"line":5,"column":22},"end":{"line":5,"column":50}},"3":{"start":{"line":6,"column":12},"end":{"line":6,"column":21}},"4":{"start":{"line":7,"column":21},"end":{"line":7,"column":46}},"5":{"start":{"line":9,"column":0},"end":{"line":9,"column":24}},"6":{"start":{"line":11,"column":0},"end":{"line":11,"column":37}},"7":{"start":{"line":12,"column":0},"end":{"line":12,"column":36}},"8":{"start":{"line":16,"column":0},"end":{"line":19,"column":3}},"9":{"start":{"line":17,"column":13},"end":{"line":17,"column":47}},"10":{"start":{"line":18,"column":1},"end":{"line":18,"column":18}},"11":{"start":{"line":23,"column":0},"end":{"line":30,"column":3}},"12":{"start":{"line":24,"column":1},"end":{"line":24,"column":31}},"13":{"start":{"line":26,"column":1},"end":{"line":29,"column":4}},"14":{"start":{"line":32,"column":0},"end":{"line":32,"column":21}}},"fnMap":{"0":{"name":"(anonymous_0)","decl":{"start":{"line":16,"column":8},"end":{"line":16,"column":9}},"loc":{"start":{"line":16,"column":34},"end":{"line":19,"column":1}},"line":16},"1":{"name":"(anonymous_1)","decl":{"start":{"line":23,"column":8},"end":{"line":23,"column":9}},"loc":{"start":{"line":23,"column":33},"end":{"line":30,"column":1}},"line":23}},"branchMap":{"0":{"loc":{"start":{"line":24,"column":12},"end":{"line":24,"column":29}},"type":"binary-expr","locations":[{"start":{"line":24,"column":12},"end":{"line":24,"column":22}},{"start":{"line":24,"column":26},"end":{"line":24,"column":29}}],"line":24}},"s":{"0":3,"1":3,"2":3,"3":3,"4":3,"5":3,"6":3,"7":3,"8":3,"9":0,"10":0,"11":3,"12":6,"13":6,"14":3},"f":{"0":0,"1":6},"b":{"0":[6,1]},"_coverageSchema":"1a1c01bbd47fc00a2c39e90264f33305004495a9","hash":"7e828730148ffe6c76327027ed5a00c36e4e2182"}
,"/Users/tonyalvarez/Springboard/35. Express and PostgreSQL/35.1 Node PG/express-biztime/db.js": {"path":"/Users/tonyalvarez/Springboard/35. Express and PostgreSQL/35.1 Node PG/express-biztime/db.js","statementMap":{"0":{"start":{"line":3,"column":19},"end":{"line":3,"column":32}},"1":{"start":{"line":6,"column":1},"end":{"line":8,"column":27}},"2":{"start":{"line":10,"column":9},"end":{"line":12,"column":2}},"3":{"start":{"line":14,"column":0},"end":{"line":14,"column":13}},"4":{"start":{"line":16,"column":0},"end":{"line":16,"column":20}}},"fnMap":{},"branchMap":{"0":{"loc":{"start":{"line":6,"column":1},"end":{"line":8,"column":27}},"type":"cond-expr","locations":[{"start":{"line":7,"column":4},"end":{"line":7,"column":32}},{"start":{"line":8,"column":4},"end":{"line":8,"column":27}}],"line":6}},"s":{"0":3,"1":3,"2":3,"3":3,"4":3},"f":{},"b":{"0":[3,0]},"_coverageSchema":"1a1c01bbd47fc00a2c39e90264f33305004495a9","hash":"65f4c5cc8747a8f8edede50bae64e11f99e9c071"}
,"/Users/tonyalvarez/Springboard/35. Express and PostgreSQL/35.1 Node PG/express-biztime/expressError.js": {"path":"/Users/tonyalvarez/Springboard/35. Express and PostgreSQL/35.1 Node PG/express-biztime/expressError.js","statementMap":{"0":{"start":{"line":9,"column":4},"end":{"line":9,"column":12}},"1":{"start":{"line":10,"column":4},"end":{"line":10,"column":27}},"2":{"start":{"line":11,"column":4},"end":{"line":11,"column":25}},"3":{"start":{"line":12,"column":4},"end":{"line":12,"column":30}},"4":{"start":{"line":17,"column":0},"end":{"line":17,"column":30}}},"fnMap":{"0":{"name":"(anonymous_0)","decl":{"start":{"line":8,"column":2},"end":{"line":8,"column":3}},"loc":{"start":{"line":8,"column":31},"end":{"line":13,"column":3}},"line":8}},"branchMap":{},"s":{"0":5,"1":5,"2":5,"3":5,"4":3},"f":{"0":5},"b":{},"_coverageSchema":"1a1c01bbd47fc00a2c39e90264f33305004495a9","hash":"0d654a8e5f9398b26e1aaa80e36a9876ffa5dd19"}
,"/Users/tonyalvarez/Springboard/35. Express and PostgreSQL/35.1 Node PG/express-biztime/routes/companies.js": {"path":"/Users/tonyalvarez/Springboard/35. Express and PostgreSQL/35.1 Node PG/express-biztime/routes/companies.js","statementMap":{"0":{"start":{"line":3,"column":16},"end":{"line":3,"column":34}},"1":{"start":{"line":4,"column":15},"end":{"line":4,"column":35}},"2":{"start":{"line":5,"column":11},"end":{"line":5,"column":27}},"3":{"start":{"line":6,"column":21},"end":{"line":6,"column":47}},"4":{"start":{"line":12,"column":0},"end":{"line":30,"column":3}},"5":{"start":{"line":13,"column":1},"end":{"line":29,"column":2}},"6":{"start":{"line":14,"column":25},"end":{"line":16,"column":3}},"7":{"start":{"line":18,"column":2},"end":{"line":24,"column":3}},"8":{"start":{"line":19,"column":23},"end":{"line":21,"column":4}},"9":{"start":{"line":22,"column":3},"end":{"line":22,"column":30}},"10":{"start":{"line":23,"column":3},"end":{"line":23,"column":23}},"11":{"start":{"line":26,"column":2},"end":{"line":26,"column":54}},"12":{"start":{"line":28,"column":2},"end":{"line":28,"column":19}},"13":{"start":{"line":38,"column":0},"end":{"line":71,"column":3}},"14":{"start":{"line":39,"column":1},"end":{"line":70,"column":2}},"15":{"start":{"line":40,"column":19},"end":{"line":40,"column":29}},"16":{"start":{"line":42,"column":23},"end":{"line":47,"column":3}},"17":{"start":{"line":49,"column":23},"end":{"line":54,"column":3}},"18":{"start":{"line":56,"column":2},"end":{"line":62,"column":3}},"19":{"start":{"line":57,"column":23},"end":{"line":59,"column":4}},"20":{"start":{"line":60,"column":3},"end":{"line":60,"column":30}},"21":{"start":{"line":61,"column":3},"end":{"line":61,"column":23}},"22":{"start":{"line":64,"column":22},"end":{"line":64,"column":42}},"23":{"start":{"line":65,"column":2},"end":{"line":65,"column":59}},"24":{"start":{"line":65,"column":56},"end":{"line":65,"column":57}},"25":{"start":{"line":67,"column":2},"end":{"line":67,"column":46}},"26":{"start":{"line":69,"column":2},"end":{"line":69,"column":19}},"27":{"start":{"line":79,"column":0},"end":{"line":92,"column":3}},"28":{"start":{"line":80,"column":1},"end":{"line":91,"column":2}},"29":{"start":{"line":81,"column":38},"end":{"line":81,"column":46}},"30":{"start":{"line":83,"column":17},"end":{"line":86,"column":3}},"31":{"start":{"line":88,"column":2},"end":{"line":88,"column":59}},"32":{"start":{"line":90,"column":2},"end":{"line":90,"column":19}},"33":{"start":{"line":101,"column":0},"end":{"line":122,"column":3}},"34":{"start":{"line":102,"column":1},"end":{"line":121,"column":2}},"35":{"start":{"line":103,"column":32},"end":{"line":103,"column":40}},"36":{"start":{"line":105,"column":17},"end":{"line":108,"column":3}},"37":{"start":{"line":110,"column":2},"end":{"line":116,"column":3}},"38":{"start":{"line":111,"column":23},"end":{"line":113,"column":4}},"39":{"start":{"line":114,"column":3},"end":{"line":114,"column":30}},"40":{"start":{"line":115,"column":3},"end":{"line":115,"column":23}},"41":{"start":{"line":118,"column":2},"end":{"line":118,"column":52}},"42":{"start":{"line":120,"column":2},"end":{"line":120,"column":19}},"43":{"start":{"line":130,"column":0},"end":{"line":140,"column":3}},"44":{"start":{"line":131,"column":1},"end":{"line":139,"column":2}},"45":{"start":{"line":132,"column":17},"end":{"line":134,"column":4}},"46":{"start":{"line":136,"column":2},"end":{"line":136,"column":42}},"47":{"start":{"line":138,"column":2},"end":{"line":138,"column":19}},"48":{"start":{"line":142,"column":0},"end":{"line":142,"column":24}}},"fnMap":{"0":{"name":"(anonymous_0)","decl":{"start":{"line":12,"column":16},"end":{"line":12,"column":17}},"loc":{"start":{"line":12,"column":42},"end":{"line":30,"column":1}},"line":12},"1":{"name":"(anonymous_1)","decl":{"start":{"line":38,"column":21},"end":{"line":38,"column":22}},"loc":{"start":{"line":38,"column":47},"end":{"line":71,"column":1}},"line":38},"2":{"name":"(anonymous_2)","decl":{"start":{"line":65,"column":49},"end":{"line":65,"column":50}},"loc":{"start":{"line":65,"column":56},"end":{"line":65,"column":57}},"line":65},"3":{"name":"(anonymous_3)","decl":{"start":{"line":79,"column":17},"end":{"line":79,"column":18}},"loc":{"start":{"line":79,"column":43},"end":{"line":92,"column":1}},"line":79},"4":{"name":"(anonymous_4)","decl":{"start":{"line":101,"column":21},"end":{"line":101,"column":22}},"loc":{"start":{"line":101,"column":47},"end":{"line":122,"column":1}},"line":101},"5":{"name":"(anonymous_5)","decl":{"start":{"line":130,"column":24},"end":{"line":130,"column":25}},"loc":{"start":{"line":130,"column":50},"end":{"line":140,"column":1}},"line":130}},"branchMap":{"0":{"loc":{"start":{"line":18,"column":2},"end":{"line":24,"column":3}},"type":"if","locations":[{"start":{"line":18,"column":2},"end":{"line":24,"column":3}},{"start":{},"end":{}}],"line":18},"1":{"loc":{"start":{"line":56,"column":2},"end":{"line":62,"column":3}},"type":"if","locations":[{"start":{"line":56,"column":2},"end":{"line":62,"column":3}},{"start":{},"end":{}}],"line":56},"2":{"loc":{"start":{"line":110,"column":2},"end":{"line":116,"column":3}},"type":"if","locations":[{"start":{"line":110,"column":2},"end":{"line":116,"column":3}},{"start":{},"end":{}}],"line":110}},"s":{"0":3,"1":3,"2":3,"3":3,"4":3,"5":2,"6":2,"7":2,"8":1,"9":1,"10":1,"11":1,"12":1,"13":3,"14":3,"15":3,"16":3,"17":3,"18":3,"19":1,"20":1,"21":1,"22":2,"23":2,"24":2,"25":2,"26":1,"27":3,"28":2,"29":2,"30":2,"31":1,"32":1,"33":3,"34":2,"35":2,"36":2,"37":2,"38":1,"39":1,"40":1,"41":1,"42":1,"43":3,"44":1,"45":1,"46":1,"47":0,"48":3},"f":{"0":2,"1":3,"2":2,"3":2,"4":2,"5":1},"b":{"0":[1,1],"1":[1,2],"2":[1,1]},"_coverageSchema":"1a1c01bbd47fc00a2c39e90264f33305004495a9","hash":"0718c2d95109437778a1c452dfd91d009e1481c2"}
,"/Users/tonyalvarez/Springboard/35. Express and PostgreSQL/35.1 Node PG/express-biztime/routes/invoices.js": {"path":"/Users/tonyalvarez/Springboard/35. Express and PostgreSQL/35.1 Node PG/express-biztime/routes/invoices.js","statementMap":{"0":{"start":{"line":3,"column":16},"end":{"line":3,"column":34}},"1":{"start":{"line":4,"column":18},"end":{"line":4,"column":35}},"2":{"start":{"line":5,"column":15},"end":{"line":5,"column":35}},"3":{"start":{"line":6,"column":11},"end":{"line":6,"column":27}},"4":{"start":{"line":7,"column":21},"end":{"line":7,"column":47}},"5":{"start":{"line":13,"column":0},"end":{"line":29,"column":3}},"6":{"start":{"line":14,"column":1},"end":{"line":28,"column":2}},"7":{"start":{"line":15,"column":17},"end":{"line":15,"column":69}},"8":{"start":{"line":17,"column":2},"end":{"line":23,"column":3}},"9":{"start":{"line":18,"column":23},"end":{"line":20,"column":4}},"10":{"start":{"line":21,"column":3},"end":{"line":21,"column":30}},"11":{"start":{"line":22,"column":3},"end":{"line":22,"column":23}},"12":{"start":{"line":25,"column":2},"end":{"line":25,"column":45}},"13":{"start":{"line":27,"column":2},"end":{"line":27,"column":19}},"14":{"start":{"line":37,"column":0},"end":{"line":56,"column":3}},"15":{"start":{"line":38,"column":1},"end":{"line":55,"column":2}},"16":{"start":{"line":39,"column":17},"end":{"line":42,"column":3}},"17":{"start":{"line":44,"column":2},"end":{"line":50,"column":3}},"18":{"start":{"line":45,"column":23},"end":{"line":47,"column":4}},"19":{"start":{"line":48,"column":3},"end":{"line":48,"column":30}},"20":{"start":{"line":49,"column":3},"end":{"line":49,"column":23}},"21":{"start":{"line":52,"column":2},"end":{"line":52,"column":47}},"22":{"start":{"line":54,"column":2},"end":{"line":54,"column":19}},"23":{"start":{"line":64,"column":0},"end":{"line":77,"column":3}},"24":{"start":{"line":65,"column":1},"end":{"line":76,"column":2}},"25":{"start":{"line":66,"column":29},"end":{"line":66,"column":37}},"26":{"start":{"line":68,"column":17},"end":{"line":71,"column":3}},"27":{"start":{"line":73,"column":2},"end":{"line":73,"column":59}},"28":{"start":{"line":75,"column":2},"end":{"line":75,"column":19}},"29":{"start":{"line":86,"column":0},"end":{"line":105,"column":3}},"30":{"start":{"line":87,"column":1},"end":{"line":104,"column":2}},"31":{"start":{"line":88,"column":17},"end":{"line":91,"column":3}},"32":{"start":{"line":93,"column":2},"end":{"line":99,"column":3}},"33":{"start":{"line":94,"column":23},"end":{"line":96,"column":4}},"34":{"start":{"line":97,"column":3},"end":{"line":97,"column":30}},"35":{"start":{"line":98,"column":3},"end":{"line":98,"column":23}},"36":{"start":{"line":101,"column":2},"end":{"line":101,"column":59}},"37":{"start":{"line":103,"column":2},"end":{"line":103,"column":19}},"38":{"start":{"line":113,"column":0},"end":{"line":123,"column":3}},"39":{"start":{"line":114,"column":1},"end":{"line":122,"column":2}},"40":{"start":{"line":115,"column":17},"end":{"line":117,"column":4}},"41":{"start":{"line":119,"column":2},"end":{"line":119,"column":42}},"42":{"start":{"line":121,"column":2},"end":{"line":121,"column":19}},"43":{"start":{"line":125,"column":0},"end":{"line":125,"column":24}}},"fnMap":{"0":{"name":"(anonymous_0)","decl":{"start":{"line":13,"column":16},"end":{"line":13,"column":17}},"loc":{"start":{"line":13,"column":42},"end":{"line":29,"column":1}},"line":13},"1":{"name":"(anonymous_1)","decl":{"start":{"line":37,"column":19},"end":{"line":37,"column":20}},"loc":{"start":{"line":37,"column":45},"end":{"line":56,"column":1}},"line":37},"2":{"name":"(anonymous_2)","decl":{"start":{"line":64,"column":17},"end":{"line":64,"column":18}},"loc":{"start":{"line":64,"column":43},"end":{"line":77,"column":1}},"line":64},"3":{"name":"(anonymous_3)","decl":{"start":{"line":86,"column":19},"end":{"line":86,"column":20}},"loc":{"start":{"line":86,"column":45},"end":{"line":105,"column":1}},"line":86},"4":{"name":"(anonymous_4)","decl":{"start":{"line":113,"column":22},"end":{"line":113,"column":23}},"loc":{"start":{"line":113,"column":54},"end":{"line":123,"column":1}},"line":113}},"branchMap":{"0":{"loc":{"start":{"line":17,"column":2},"end":{"line":23,"column":3}},"type":"if","locations":[{"start":{"line":17,"column":2},"end":{"line":23,"column":3}},{"start":{},"end":{}}],"line":17},"1":{"loc":{"start":{"line":44,"column":2},"end":{"line":50,"column":3}},"type":"if","locations":[{"start":{"line":44,"column":2},"end":{"line":50,"column":3}},{"start":{},"end":{}}],"line":44},"2":{"loc":{"start":{"line":93,"column":2},"end":{"line":99,"column":3}},"type":"if","locations":[{"start":{"line":93,"column":2},"end":{"line":99,"column":3}},{"start":{},"end":{}}],"line":93}},"s":{"0":3,"1":3,"2":3,"3":3,"4":3,"5":3,"6":2,"7":2,"8":2,"9":1,"10":1,"11":1,"12":1,"13":1,"14":3,"15":1,"16":1,"17":1,"18":0,"19":0,"20":0,"21":1,"22":0,"23":3,"24":1,"25":1,"26":1,"27":1,"28":0,"29":3,"30":2,"31":2,"32":2,"33":1,"34":1,"35":1,"36":1,"37":1,"38":3,"39":1,"40":1,"41":1,"42":0,"43":3},"f":{"0":2,"1":1,"2":1,"3":2,"4":1},"b":{"0":[1,1],"1":[0,1],"2":[1,1]},"_coverageSchema":"1a1c01bbd47fc00a2c39e90264f33305004495a9","hash":"f58c0df683fdce80085b472c3732bf8591d948d2"}
}
