{"/Users/tonyalvarez/Springboard/35. Express and PostgreSQL/35.1 Node PG/express-biztime/_test_setup.js": {"path":"/Users/tonyalvarez/Springboard/35. Express and PostgreSQL/35.1 Node PG/express-biztime/_test_setup.js","statementMap":{"0":{"start":{"line":1,"column":0},"end":{"line":1,"column":30}},"1":{"start":{"line":3,"column":11},"end":{"line":3,"column":26}},"2":{"start":{"line":6,"column":1},"end":{"line":34,"column":4}},"3":{"start":{"line":38,"column":0},"end":{"line":38,"column":27}}},"fnMap":{"0":{"name":"setUp","decl":{"start":{"line":5,"column":15},"end":{"line":5,"column":20}},"loc":{"start":{"line":5,"column":23},"end":{"line":36,"column":1}},"line":5}},"branchMap":{},"s":{"0":3,"1":3,"2":24,"3":3},"f":{"0":24},"b":{},"_coverageSchema":"1a1c01bbd47fc00a2c39e90264f33305004495a9","hash":"62fa1b2b79ae481188c63ae22f6d2e4acfe8d898"}
,"/Users/tonyalvarez/Springboard/35. Express and PostgreSQL/35.1 Node PG/express-biztime/_test_teardown.js": {"path":"/Users/tonyalvarez/Springboard/35. Express and PostgreSQL/35.1 Node PG/express-biztime/_test_teardown.js","statementMap":{"0":{"start":{"line":1,"column":0},"end":{"line":1,"column":30}},"1":{"start":{"line":3,"column":11},"end":{"line":3,"column":26}},"2":{"start":{"line":7,"column":0},"end":{"line":7,"column":30}}},"fnMap":{"0":{"name":"tearDown","decl":{"start":{"line":5,"column":15},"end":{"line":5,"column":23}},"loc":{"start":{"line":5,"column":26},"end":{"line":5,"column":28}},"line":5}},"branchMap":{},"s":{"0":3,"1":3,"2":3},"f":{"0":24},"b":{},"_coverageSchema":"1a1c01bbd47fc00a2c39e90264f33305004495a9","hash":"3d563d9f75ac20af82f5c71223ead916f494d8be"}
,"/Users/tonyalvarez/Springboard/35. Express and PostgreSQL/35.1 Node PG/express-biztime/app.js": {"path":"/Users/tonyalvarez/Springboard/35. Express and PostgreSQL/35.1 Node PG/express-biztime/app.js","statementMap":{"0":{"start":{"line":3,"column":16},"end":{"line":3,"column":34}},"1":{"start":{"line":4,"column":22},"end":{"line":4,"column":51}},"2":{"start":{"line":5,"column":22},"end":{"line":5,"column":50}},"3":{"start":{"line":6,"column":12},"end":{"line":6,"column":21}},"4":{"start":{"line":7,"column":21},"end":{"line":7,"column":46}},"5":{"start":{"line":9,"column":0},"end":{"line":9,"column":24}},"6":{"start":{"line":11,"column":0},"end":{"line":11,"column":37}},"7":{"start":{"line":12,"column":0},"end":{"line":12,"column":36}},"8":{"start":{"line":16,"column":0},"end":{"line":19,"column":3}},"9":{"start":{"line":17,"column":13},"end":{"line":17,"column":47}},"10":{"start":{"line":18,"column":1},"end":{"line":18,"column":18}},"11":{"start":{"line":23,"column":0},"end":{"line":30,"column":3}},"12":{"start":{"line":24,"column":1},"end":{"line":24,"column":31}},"13":{"start":{"line":26,"column":1},"end":{"line":29,"column":4}},"14":{"start":{"line":32,"column":0},"end":{"line":32,"column":21}}},"fnMap":{"0":{"name":"(anonymous_0)","decl":{"start":{"line":16,"column":8},"end":{"line":16,"column":9}},"loc":{"start":{"line":16,"column":34},"end":{"line":19,"column":1}},"line":16},"1":{"name":"(anonymous_1)","decl":{"start":{"line":23,"column":8},"end":{"line":23,"column":9}},"loc":{"start":{"line":23,"column":33},"end":{"line":30,"column":1}},"line":23}},"branchMap":{"0":{"loc":{"start":{"line":24,"column":12},"end":{"line":24,"column":29}},"type":"binary-expr","locations":[{"start":{"line":24,"column":12},"end":{"line":24,"column":22}},{"start":{"line":24,"column":26},"end":{"line":24,"column":29}}],"line":24}},"s":{"0":3,"1":3,"2":3,"3":3,"4":3,"5":3,"6":3,"7":3,"8":3,"9":1,"10":1,"11":3,"12":8,"13":8,"14":3},"f":{"0":1,"1":8},"b":{"0":[8,2]},"_coverageSchema":"1a1c01bbd47fc00a2c39e90264f33305004495a9","hash":"7e828730148ffe6c76327027ed5a00c36e4e2182"}
,"/Users/tonyalvarez/Springboard/35. Express and PostgreSQL/35.1 Node PG/express-biztime/db.js": {"path":"/Users/tonyalvarez/Springboard/35. Express and PostgreSQL/35.1 Node PG/express-biztime/db.js","statementMap":{"0":{"start":{"line":3,"column":19},"end":{"line":3,"column":32}},"1":{"start":{"line":6,"column":1},"end":{"line":8,"column":27}},"2":{"start":{"line":10,"column":9},"end":{"line":12,"column":2}},"3":{"start":{"line":14,"column":0},"end":{"line":14,"column":13}},"4":{"start":{"line":16,"column":0},"end":{"line":16,"column":20}}},"fnMap":{},"branchMap":{"0":{"loc":{"start":{"line":6,"column":1},"end":{"line":8,"column":27}},"type":"cond-expr","locations":[{"start":{"line":7,"column":4},"end":{"line":7,"column":32}},{"start":{"line":8,"column":4},"end":{"line":8,"column":27}}],"line":6}},"s":{"0":3,"1":3,"2":3,"3":3,"4":3},"f":{},"b":{"0":[3,0]},"_coverageSchema":"1a1c01bbd47fc00a2c39e90264f33305004495a9","hash":"65f4c5cc8747a8f8edede50bae64e11f99e9c071"}
,"/Users/tonyalvarez/Springboard/35. Express and PostgreSQL/35.1 Node PG/express-biztime/expressError.js": {"path":"/Users/tonyalvarez/Springboard/35. Express and PostgreSQL/35.1 Node PG/express-biztime/expressError.js","statementMap":{"0":{"start":{"line":9,"column":4},"end":{"line":9,"column":12}},"1":{"start":{"line":10,"column":4},"end":{"line":10,"column":27}},"2":{"start":{"line":11,"column":4},"end":{"line":11,"column":25}},"3":{"start":{"line":12,"column":4},"end":{"line":12,"column":30}},"4":{"start":{"line":17,"column":0},"end":{"line":17,"column":30}}},"fnMap":{"0":{"name":"(anonymous_0)","decl":{"start":{"line":8,"column":2},"end":{"line":8,"column":3}},"loc":{"start":{"line":8,"column":31},"end":{"line":13,"column":3}},"line":8}},"branchMap":{},"s":{"0":6,"1":6,"2":6,"3":6,"4":3},"f":{"0":6},"b":{},"_coverageSchema":"1a1c01bbd47fc00a2c39e90264f33305004495a9","hash":"0d654a8e5f9398b26e1aaa80e36a9876ffa5dd19"}
,"/Users/tonyalvarez/Springboard/35. Express and PostgreSQL/35.1 Node PG/express-biztime/routes/companies.js": {"path":"/Users/tonyalvarez/Springboard/35. Express and PostgreSQL/35.1 Node PG/express-biztime/routes/companies.js","statementMap":{"0":{"start":{"line":3,"column":16},"end":{"line":3,"column":34}},"1":{"start":{"line":4,"column":15},"end":{"line":4,"column":35}},"2":{"start":{"line":5,"column":11},"end":{"line":5,"column":27}},"3":{"start":{"line":6,"column":21},"end":{"line":6,"column":47}},"4":{"start":{"line":8,"column":16},"end":{"line":8,"column":34}},"5":{"start":{"line":9,"column":22},"end":{"line":13,"column":1}},"6":{"start":{"line":19,"column":0},"end":{"line":37,"column":3}},"7":{"start":{"line":20,"column":1},"end":{"line":36,"column":2}},"8":{"start":{"line":21,"column":25},"end":{"line":23,"column":3}},"9":{"start":{"line":25,"column":2},"end":{"line":31,"column":3}},"10":{"start":{"line":26,"column":23},"end":{"line":28,"column":4}},"11":{"start":{"line":29,"column":3},"end":{"line":29,"column":30}},"12":{"start":{"line":30,"column":3},"end":{"line":30,"column":23}},"13":{"start":{"line":33,"column":2},"end":{"line":33,"column":54}},"14":{"start":{"line":35,"column":2},"end":{"line":35,"column":19}},"15":{"start":{"line":45,"column":0},"end":{"line":78,"column":3}},"16":{"start":{"line":46,"column":1},"end":{"line":77,"column":2}},"17":{"start":{"line":47,"column":19},"end":{"line":47,"column":29}},"18":{"start":{"line":49,"column":23},"end":{"line":54,"column":3}},"19":{"start":{"line":56,"column":23},"end":{"line":61,"column":3}},"20":{"start":{"line":63,"column":2},"end":{"line":69,"column":3}},"21":{"start":{"line":64,"column":23},"end":{"line":66,"column":4}},"22":{"start":{"line":67,"column":3},"end":{"line":67,"column":30}},"23":{"start":{"line":68,"column":3},"end":{"line":68,"column":23}},"24":{"start":{"line":71,"column":22},"end":{"line":71,"column":42}},"25":{"start":{"line":72,"column":2},"end":{"line":72,"column":59}},"26":{"start":{"line":72,"column":56},"end":{"line":72,"column":57}},"27":{"start":{"line":74,"column":2},"end":{"line":74,"column":46}},"28":{"start":{"line":76,"column":2},"end":{"line":76,"column":19}},"29":{"start":{"line":86,"column":0},"end":{"line":99,"column":3}},"30":{"start":{"line":87,"column":1},"end":{"line":98,"column":2}},"31":{"start":{"line":88,"column":32},"end":{"line":88,"column":40}},"32":{"start":{"line":90,"column":17},"end":{"line":93,"column":3}},"33":{"start":{"line":95,"column":2},"end":{"line":95,"column":59}},"34":{"start":{"line":97,"column":2},"end":{"line":97,"column":19}},"35":{"start":{"line":108,"column":0},"end":{"line":129,"column":3}},"36":{"start":{"line":109,"column":1},"end":{"line":128,"column":2}},"37":{"start":{"line":110,"column":32},"end":{"line":110,"column":40}},"38":{"start":{"line":112,"column":17},"end":{"line":115,"column":3}},"39":{"start":{"line":117,"column":2},"end":{"line":123,"column":3}},"40":{"start":{"line":118,"column":23},"end":{"line":120,"column":4}},"41":{"start":{"line":121,"column":3},"end":{"line":121,"column":30}},"42":{"start":{"line":122,"column":3},"end":{"line":122,"column":23}},"43":{"start":{"line":125,"column":2},"end":{"line":125,"column":52}},"44":{"start":{"line":127,"column":2},"end":{"line":127,"column":19}},"45":{"start":{"line":137,"column":0},"end":{"line":147,"column":3}},"46":{"start":{"line":138,"column":1},"end":{"line":146,"column":2}},"47":{"start":{"line":139,"column":17},"end":{"line":141,"column":4}},"48":{"start":{"line":143,"column":2},"end":{"line":143,"column":42}},"49":{"start":{"line":145,"column":2},"end":{"line":145,"column":19}},"50":{"start":{"line":149,"column":0},"end":{"line":149,"column":24}}},"fnMap":{"0":{"name":"(anonymous_0)","decl":{"start":{"line":19,"column":16},"end":{"line":19,"column":17}},"loc":{"start":{"line":19,"column":42},"end":{"line":37,"column":1}},"line":19},"1":{"name":"(anonymous_1)","decl":{"start":{"line":45,"column":21},"end":{"line":45,"column":22}},"loc":{"start":{"line":45,"column":47},"end":{"line":78,"column":1}},"line":45},"2":{"name":"(anonymous_2)","decl":{"start":{"line":72,"column":49},"end":{"line":72,"column":50}},"loc":{"start":{"line":72,"column":56},"end":{"line":72,"column":57}},"line":72},"3":{"name":"(anonymous_3)","decl":{"start":{"line":86,"column":17},"end":{"line":86,"column":18}},"loc":{"start":{"line":86,"column":43},"end":{"line":99,"column":1}},"line":86},"4":{"name":"(anonymous_4)","decl":{"start":{"line":108,"column":21},"end":{"line":108,"column":22}},"loc":{"start":{"line":108,"column":47},"end":{"line":129,"column":1}},"line":108},"5":{"name":"(anonymous_5)","decl":{"start":{"line":137,"column":24},"end":{"line":137,"column":25}},"loc":{"start":{"line":137,"column":50},"end":{"line":147,"column":1}},"line":137}},"branchMap":{"0":{"loc":{"start":{"line":25,"column":2},"end":{"line":31,"column":3}},"type":"if","locations":[{"start":{"line":25,"column":2},"end":{"line":31,"column":3}},{"start":{},"end":{}}],"line":25},"1":{"loc":{"start":{"line":63,"column":2},"end":{"line":69,"column":3}},"type":"if","locations":[{"start":{"line":63,"column":2},"end":{"line":69,"column":3}},{"start":{},"end":{}}],"line":63},"2":{"loc":{"start":{"line":117,"column":2},"end":{"line":123,"column":3}},"type":"if","locations":[{"start":{"line":117,"column":2},"end":{"line":123,"column":3}},{"start":{},"end":{}}],"line":117}},"s":{"0":3,"1":3,"2":3,"3":3,"4":3,"5":3,"6":3,"7":3,"8":3,"9":3,"10":1,"11":1,"12":1,"13":2,"14":1,"15":3,"16":2,"17":2,"18":2,"19":2,"20":2,"21":1,"22":1,"23":1,"24":1,"25":1,"26":2,"27":1,"28":1,"29":3,"30":4,"31":4,"32":4,"33":2,"34":2,"35":3,"36":2,"37":2,"38":2,"39":2,"40":1,"41":1,"42":1,"43":1,"44":1,"45":3,"46":2,"47":2,"48":2,"49":0,"50":3},"f":{"0":3,"1":2,"2":2,"3":4,"4":2,"5":2},"b":{"0":[1,2],"1":[1,1],"2":[1,1]},"_coverageSchema":"1a1c01bbd47fc00a2c39e90264f33305004495a9","hash":"de8f48d81804859bcad8d197fb5cff63fa915bfc"}
,"/Users/tonyalvarez/Springboard/35. Express and PostgreSQL/35.1 Node PG/express-biztime/routes/invoices.js": {"path":"/Users/tonyalvarez/Springboard/35. Express and PostgreSQL/35.1 Node PG/express-biztime/routes/invoices.js","statementMap":{"0":{"start":{"line":3,"column":16},"end":{"line":3,"column":34}},"1":{"start":{"line":4,"column":18},"end":{"line":4,"column":35}},"2":{"start":{"line":5,"column":15},"end":{"line":5,"column":35}},"3":{"start":{"line":6,"column":11},"end":{"line":6,"column":27}},"4":{"start":{"line":7,"column":21},"end":{"line":7,"column":47}},"5":{"start":{"line":13,"column":0},"end":{"line":29,"column":3}},"6":{"start":{"line":14,"column":1},"end":{"line":28,"column":2}},"7":{"start":{"line":15,"column":17},"end":{"line":15,"column":69}},"8":{"start":{"line":17,"column":2},"end":{"line":23,"column":3}},"9":{"start":{"line":18,"column":23},"end":{"line":20,"column":4}},"10":{"start":{"line":21,"column":3},"end":{"line":21,"column":30}},"11":{"start":{"line":22,"column":3},"end":{"line":22,"column":23}},"12":{"start":{"line":25,"column":2},"end":{"line":25,"column":45}},"13":{"start":{"line":27,"column":2},"end":{"line":27,"column":19}},"14":{"start":{"line":37,"column":0},"end":{"line":56,"column":3}},"15":{"start":{"line":38,"column":1},"end":{"line":55,"column":2}},"16":{"start":{"line":39,"column":17},"end":{"line":42,"column":3}},"17":{"start":{"line":44,"column":2},"end":{"line":50,"column":3}},"18":{"start":{"line":45,"column":23},"end":{"line":47,"column":4}},"19":{"start":{"line":48,"column":3},"end":{"line":48,"column":30}},"20":{"start":{"line":49,"column":3},"end":{"line":49,"column":23}},"21":{"start":{"line":52,"column":2},"end":{"line":52,"column":47}},"22":{"start":{"line":54,"column":2},"end":{"line":54,"column":19}},"23":{"start":{"line":64,"column":0},"end":{"line":77,"column":3}},"24":{"start":{"line":65,"column":1},"end":{"line":76,"column":2}},"25":{"start":{"line":66,"column":29},"end":{"line":66,"column":37}},"26":{"start":{"line":68,"column":17},"end":{"line":71,"column":3}},"27":{"start":{"line":73,"column":2},"end":{"line":73,"column":59}},"28":{"start":{"line":75,"column":2},"end":{"line":75,"column":19}},"29":{"start":{"line":86,"column":0},"end":{"line":133,"column":3}},"30":{"start":{"line":87,"column":1},"end":{"line":132,"column":2}},"31":{"start":{"line":88,"column":15},"end":{"line":88,"column":25}},"32":{"start":{"line":89,"column":22},"end":{"line":89,"column":30}},"33":{"start":{"line":90,"column":18},"end":{"line":90,"column":22}},"34":{"start":{"line":92,"column":22},"end":{"line":98,"column":3}},"35":{"start":{"line":100,"column":2},"end":{"line":106,"column":3}},"36":{"start":{"line":101,"column":23},"end":{"line":103,"column":4}},"37":{"start":{"line":104,"column":3},"end":{"line":104,"column":30}},"38":{"start":{"line":105,"column":3},"end":{"line":105,"column":23}},"39":{"start":{"line":108,"column":23},"end":{"line":108,"column":52}},"40":{"start":{"line":110,"column":2},"end":{"line":118,"column":3}},"41":{"start":{"line":111,"column":3},"end":{"line":111,"column":26}},"42":{"start":{"line":113,"column":7},"end":{"line":118,"column":3}},"43":{"start":{"line":114,"column":3},"end":{"line":114,"column":19}},"44":{"start":{"line":117,"column":3},"end":{"line":117,"column":28}},"45":{"start":{"line":120,"column":17},"end":{"line":126,"column":3}},"46":{"start":{"line":129,"column":2},"end":{"line":129,"column":59}},"47":{"start":{"line":131,"column":2},"end":{"line":131,"column":19}},"48":{"start":{"line":141,"column":0},"end":{"line":151,"column":3}},"49":{"start":{"line":142,"column":1},"end":{"line":150,"column":2}},"50":{"start":{"line":143,"column":17},"end":{"line":145,"column":4}},"51":{"start":{"line":147,"column":2},"end":{"line":147,"column":42}},"52":{"start":{"line":149,"column":2},"end":{"line":149,"column":19}},"53":{"start":{"line":153,"column":0},"end":{"line":153,"column":24}}},"fnMap":{"0":{"name":"(anonymous_0)","decl":{"start":{"line":13,"column":16},"end":{"line":13,"column":17}},"loc":{"start":{"line":13,"column":42},"end":{"line":29,"column":1}},"line":13},"1":{"name":"(anonymous_1)","decl":{"start":{"line":37,"column":19},"end":{"line":37,"column":20}},"loc":{"start":{"line":37,"column":45},"end":{"line":56,"column":1}},"line":37},"2":{"name":"(anonymous_2)","decl":{"start":{"line":64,"column":17},"end":{"line":64,"column":18}},"loc":{"start":{"line":64,"column":43},"end":{"line":77,"column":1}},"line":64},"3":{"name":"(anonymous_3)","decl":{"start":{"line":86,"column":19},"end":{"line":86,"column":20}},"loc":{"start":{"line":86,"column":45},"end":{"line":133,"column":1}},"line":86},"4":{"name":"(anonymous_4)","decl":{"start":{"line":141,"column":22},"end":{"line":141,"column":23}},"loc":{"start":{"line":141,"column":54},"end":{"line":151,"column":1}},"line":141}},"branchMap":{"0":{"loc":{"start":{"line":17,"column":2},"end":{"line":23,"column":3}},"type":"if","locations":[{"start":{"line":17,"column":2},"end":{"line":23,"column":3}},{"start":{},"end":{}}],"line":17},"1":{"loc":{"start":{"line":44,"column":2},"end":{"line":50,"column":3}},"type":"if","locations":[{"start":{"line":44,"column":2},"end":{"line":50,"column":3}},{"start":{},"end":{}}],"line":44},"2":{"loc":{"start":{"line":100,"column":2},"end":{"line":106,"column":3}},"type":"if","locations":[{"start":{"line":100,"column":2},"end":{"line":106,"column":3}},{"start":{},"end":{}}],"line":100},"3":{"loc":{"start":{"line":110,"column":2},"end":{"line":118,"column":3}},"type":"if","locations":[{"start":{"line":110,"column":2},"end":{"line":118,"column":3}},{"start":{"line":113,"column":7},"end":{"line":118,"column":3}}],"line":110},"4":{"loc":{"start":{"line":110,"column":6},"end":{"line":110,"column":27}},"type":"binary-expr","locations":[{"start":{"line":110,"column":6},"end":{"line":110,"column":19}},{"start":{"line":110,"column":23},"end":{"line":110,"column":27}}],"line":110},"5":{"loc":{"start":{"line":113,"column":7},"end":{"line":118,"column":3}},"type":"if","locations":[{"start":{"line":113,"column":7},"end":{"line":118,"column":3}},{"start":{"line":116,"column":7},"end":{"line":118,"column":3}}],"line":113}},"s":{"0":3,"1":3,"2":3,"3":3,"4":3,"5":3,"6":3,"7":3,"8":3,"9":0,"10":0,"11":0,"12":3,"13":0,"14":3,"15":2,"16":2,"17":2,"18":1,"19":1,"20":1,"21":1,"22":1,"23":3,"24":1,"25":1,"26":1,"27":1,"28":0,"29":3,"30":2,"31":2,"32":2,"33":2,"34":2,"35":2,"36":1,"37":1,"38":1,"39":1,"40":1,"41":1,"42":0,"43":0,"44":0,"45":1,"46":1,"47":1,"48":3,"49":1,"50":1,"51":1,"52":0,"53":3},"f":{"0":3,"1":2,"2":1,"3":2,"4":1},"b":{"0":[0,3],"1":[1,1],"2":[1,1],"3":[1,0],"4":[1,1],"5":[0,0]},"_coverageSchema":"1a1c01bbd47fc00a2c39e90264f33305004495a9","hash":"cc3b400d6b65e47c16b95e263ebd40f6a6e38bbf"}
}
