TN:
SF:_test_setup.js
FN:5,setUp
FNF:1
FNH:1
FNDA:24,setUp
DA:1,3
DA:3,3
DA:6,24
DA:7,24
DA:10,24
DA:12,24
DA:19,15
DA:31,3
LF:8
LH:8
BRF:0
BRH:0
end_of_record
TN:
SF:_test_teardown.js
FN:5,tearDown
FNF:1
FNH:1
FNDA:24,tearDown
DA:1,3
DA:3,3
DA:7,3
LF:3
LH:3
BRF:0
BRH:0
end_of_record
TN:
SF:app.js
FN:16,(anonymous_0)
FN:23,(anonymous_1)
FNF:2
FNH:2
FNDA:1,(anonymous_0)
FNDA:8,(anonymous_1)
DA:3,3
DA:4,3
DA:5,3
DA:6,3
DA:7,3
DA:9,3
DA:11,3
DA:12,3
DA:16,3
DA:17,1
DA:18,1
DA:23,3
DA:24,8
DA:26,8
DA:32,3
LF:15
LH:15
BRDA:24,0,0,8
BRDA:24,0,1,1
BRF:2
BRH:2
end_of_record
TN:
SF:db.js
FNF:0
FNH:0
DA:3,3
DA:6,3
DA:10,3
DA:14,3
DA:16,3
LF:5
LH:5
BRDA:6,0,0,3
BRDA:6,0,1,0
BRF:2
BRH:1
end_of_record
TN:
SF:expressError.js
FN:8,(anonymous_0)
FNF:1
FNH:1
FNDA:7,(anonymous_0)
DA:9,7
DA:10,7
DA:11,7
DA:12,7
DA:17,3
LF:5
LH:5
BRF:0
BRH:0
end_of_record
TN:
SF:routes/companies.js
FN:19,(anonymous_0)
FN:45,(anonymous_1)
FN:72,(anonymous_2)
FN:86,(anonymous_3)
FN:108,(anonymous_4)
FN:137,(anonymous_5)
FNF:6
FNH:6
FNDA:2,(anonymous_0)
FNDA:2,(anonymous_1)
FNDA:2,(anonymous_2)
FNDA:2,(anonymous_3)
FNDA:1,(anonymous_4)
FNDA:1,(anonymous_5)
DA:3,3
DA:4,3
DA:5,3
DA:6,3
DA:8,3
DA:9,3
DA:19,3
DA:20,2
DA:21,2
DA:25,2
DA:26,1
DA:29,1
DA:30,1
DA:33,1
DA:35,1
DA:45,3
DA:46,2
DA:47,2
DA:49,2
DA:56,2
DA:63,2
DA:64,1
DA:67,1
DA:68,1
DA:71,1
DA:72,2
DA:74,1
DA:76,1
DA:86,3
DA:87,2
DA:88,2
DA:90,2
DA:95,1
DA:97,1
DA:108,3
DA:109,1
DA:110,1
DA:112,1
DA:117,1
DA:118,1
DA:121,1
DA:122,1
DA:125,0
DA:127,1
DA:137,3
DA:138,1
DA:139,1
DA:143,1
DA:145,0
DA:149,3
LF:50
LH:48
BRDA:25,0,0,1
BRDA:25,0,1,1
BRDA:63,1,0,1
BRDA:63,1,1,1
BRDA:117,2,0,1
BRDA:117,2,1,0
BRF:6
BRH:5
end_of_record
TN:
SF:routes/invoices.js
FN:13,(anonymous_0)
FN:37,(anonymous_1)
FN:64,(anonymous_2)
FN:86,(anonymous_3)
FN:141,(anonymous_4)
FNF:5
FNH:5
FNDA:1,(anonymous_0)
FNDA:1,(anonymous_1)
FNDA:1,(anonymous_2)
FNDA:2,(anonymous_3)
FNDA:1,(anonymous_4)
DA:3,3
DA:4,3
DA:5,3
DA:6,3
DA:7,3
DA:13,3
DA:14,1
DA:15,1
DA:17,1
DA:18,1
DA:21,1
DA:22,1
DA:25,0
DA:27,1
DA:37,3
DA:38,1
DA:39,1
DA:44,1
DA:45,1
DA:48,1
DA:49,1
DA:52,0
DA:54,1
DA:64,3
DA:65,1
DA:66,1
DA:68,1
DA:73,1
DA:75,0
DA:86,3
DA:87,2
DA:88,2
DA:89,2
DA:90,2
DA:92,2
DA:100,2
DA:101,1
DA:104,1
DA:105,1
DA:108,1
DA:110,1
DA:111,1
DA:113,0
DA:114,0
DA:117,0
DA:120,1
DA:129,1
DA:131,1
DA:141,3
DA:142,1
DA:143,1
DA:147,1
DA:149,0
DA:153,3
LF:54
LH:47
BRDA:17,0,0,1
BRDA:17,0,1,0
BRDA:44,1,0,1
BRDA:44,1,1,0
BRDA:100,2,0,1
BRDA:100,2,1,1
BRDA:110,3,0,1
BRDA:110,3,1,0
BRDA:110,4,0,1
BRDA:110,4,1,1
BRDA:113,5,0,0
BRDA:113,5,1,0
BRF:12
BRH:7
end_of_record
